<?xml version="1.0" encoding="UTF-8"?>
<!-- Generated by org.testng.reporters.JUnitReportReporter -->
<testsuite hostname="DESKTOP-OPTTOE3" failures="0" tests="1" name="cucumberOptions.TestNGRunner" time="40.775" errors="0" timestamp="2025-03-04T02:33:06 IST" skipped="0">
  <testcase classname="cucumberOptions.TestNGRunner" name="runScenario" time="40.775"/>
</testsuite> <!-- cucumberOptions.TestNGRunner -->
